\BOOKMARK [1][-]{section.1}{Introduction}{}% 1
\BOOKMARK [2][-]{subsection.1.1}{Background}{section.1}% 2
\BOOKMARK [2][-]{subsection.1.2}{Problem restatement and analysis}{section.1}% 3
\BOOKMARK [1][-]{section.2}{Assumption}{}% 4
\BOOKMARK [1][-]{section.3}{Symbol Description}{}% 5
\BOOKMARK [1][-]{section.4}{Preparation for Model}{}% 6
\BOOKMARK [2][-]{subsection.4.1}{Task 1:Construction of the Co-author Network }{section.4}% 7
\BOOKMARK [2][-]{subsection.4.2}{Properties of the Co-author Network}{section.4}% 8
\BOOKMARK [1][-]{section.5}{Model Construction}{}% 9
\BOOKMARK [2][-]{subsection.5.1}{Task 2 : the KSC Index Influence Model}{section.5}% 10
\BOOKMARK [3][-]{subsubsection.5.1.1}{the internal attribute : the Centering Influence Model}{subsection.5.1}% 11
\BOOKMARK [3][-]{subsubsection.5.1.2}{the external attribute: the Community Division Influence Model}{subsection.5.1}% 12
\BOOKMARK [2][-]{subsection.5.2}{Task 3 : the Three-layer Directed-weighted Network }{section.5}% 13
\BOOKMARK [3][-]{subsubsection.5.2.1}{Construciton of Model}{subsection.5.2}% 14
\BOOKMARK [3][-]{subsubsection.5.2.2}{the Result of Model}{subsection.5.2}% 15
\BOOKMARK [3][-]{subsubsection.5.2.3}{Model Comparision and Migration}{subsection.5.2}% 16
\BOOKMARK [1][-]{section.6}{Model Extension}{}% 17
\BOOKMARK [2][-]{subsection.6.1}{Task 4: An Applicantion of Model in Moviestars Based on Python Spider}{section.6}% 18
\BOOKMARK [2][-]{subsection.6.2}{Task 5: Expansibility of Model}{section.6}% 19
\BOOKMARK [1][-]{section.7}{Sensitivity Analysis}{}% 20
\BOOKMARK [1][-]{section.8}{Strengths and Weaknesses}{}% 21
\BOOKMARK [2][-]{subsection.8.1}{Strengths}{section.8}% 22
\BOOKMARK [2][-]{subsection.8.2}{Weaknesses}{section.8}% 23
\BOOKMARK [1][-]{section*.1}{References}{}% 24
